<?xml version="1.0"?>
<testsuite name="Chrome Headless 124.0.6367.78 (Windows 10)" package="" timestamp="2024-04-26T19:39:56" id="0" hostname="DESKTOP-P64FIJV" tests="2" errors="0" failures="0" time="0.074">
  <properties>
    <property name="browser.fullName" value="Mozilla/5.0 (Windows NT 10.0; Win64; x64) AppleWebKit/537.36 (KHTML, like Gecko) HeadlessChrome/124.0.6367.78 Safari/537.36"/>
  </properties>
  <testcase name="JokesService should be created" time="0.04" classname="JokesService"/>
  <testcase name="AppComponent should create the app" time="0.034" classname="AppComponent"/>
  <system-out>
    <![CDATA[Chrome Headless 124.0.6367.78 (Windows 10) ERROR: 'NG0304: 'mat-toolbar' is not a known element (used in the 'AppComponent' component template):
1. If 'mat-toolbar' is an Angular component, then verify that it is a part of an @NgModule where this component is declared.
2. If 'mat-toolbar' is a Web Component then add 'CUSTOM_ELEMENTS_SCHEMA' to the '@NgModule.schemas' of this component to suppress this message.'
,Chrome Headless 124.0.6367.78 (Windows 10) ERROR: 'NG0304: 'mat-card' is not a known element (used in the 'AppComponent' component template):
1. If 'mat-card' is an Angular component, then verify that it is a part of an @NgModule where this component is declared.
2. If 'mat-card' is a Web Component then add 'CUSTOM_ELEMENTS_SCHEMA' to the '@NgModule.schemas' of this component to suppress this message.'
,Chrome Headless 124.0.6367.78 (Windows 10) ERROR: 'NG0304: 'mat-card-title' is not a known element (used in the 'AppComponent' component template):
1. If 'mat-card-title' is an Angular component, then verify that it is a part of an @NgModule where this component is declared.
2. If 'mat-card-title' is a Web Component then add 'CUSTOM_ELEMENTS_SCHEMA' to the '@NgModule.schemas' of this component to suppress this message.'
,Chrome Headless 124.0.6367.78 (Windows 10) ERROR: 'NG0304: 'mat-card-content' is not a known element (used in the 'AppComponent' component template):
1. If 'mat-card-content' is an Angular component, then verify that it is a part of an @NgModule where this component is declared.
2. If 'mat-card-content' is a Web Component then add 'CUSTOM_ELEMENTS_SCHEMA' to the '@NgModule.schemas' of this component to suppress this message.'
,Chrome Headless 124.0.6367.78 (Windows 10) ERROR: 'NG0304: 'mat-divider' is not a known element (used in the 'AppComponent' component template):
1. If 'mat-divider' is an Angular component, then verify that it is a part of an @NgModule where this component is declared.
2. If 'mat-divider' is a Web Component then add 'CUSTOM_ELEMENTS_SCHEMA' to the '@NgModule.schemas' of this component to suppress this message.'
,Chrome Headless 124.0.6367.78 (Windows 10) ERROR: 'NG0304: 'mat-card-actions' is not a known element (used in the 'AppComponent' component template):
1. If 'mat-card-actions' is an Angular component, then verify that it is a part of an @NgModule where this component is declared.
2. If 'mat-card-actions' is a Web Component then add 'CUSTOM_ELEMENTS_SCHEMA' to the '@NgModule.schemas' of this component to suppress this message.'

]]>
  </system-out>
  <system-err/>
</testsuite>