# JRE version: OpenJDK Runtime Environment Temurin-17.0.10+7 (17.0.10+7) (build 17.0.10+7)
# Java VM: OpenJDK 64-Bit Server VM Temurin-17.0.10+7 (17.0.10+7, mixed mode, emulated-client, tiered, compressed oops, compressed class ptrs, g1 gc, windows-amd64)
GC Precious Log:
 CPUs: 4 total, 4 available
 Memory: 7834M
 Large Page Support: Disabled
 NUMA Support: Disabled
 Compressed Oops: Enabled (32-bit)
 Heap Region Size: 1M
 Heap Min Capacity: 8M
 Heap Initial Capacity: 124M
 Heap Max Capacity: 1G
 Pre-touch: Disabled
 Parallel Workers: 4
 Concurrent Workers: 1
 Concurrent Refinement Workers: 4
 Periodic GC: Disabled
Heap:
 garbage-first heap   total 71680K, used 24131K [0x00000000c0000000, 0x0000000100000000)
  region size 1024K, 1 young (1024K), 0 survivors (0K)
 Metaspace       used 39545K, committed 40128K, reserved 1114112K
  class space    used 5229K, committed 5504K, reserved 1048576K
GC Heap History (20 events):
Event: 2239.974 GC heap before
{Heap before GC invocations=77 (full 66):
 garbage-first heap   total 71680K, used 24131K [0x00000000c0000000, 0x0000000100000000)
  region size 1024K, 1 young (1024K), 0 survivors (0K)
 Metaspace       used 39527K, committed 40128K, reserved 1114112K
  class space    used 5226K, committed 5504K, reserved 1048576K
}
Event: 2239.996 GC heap after
{Heap after GC invocations=78 (full 67):
 garbage-first heap   total 71680K, used 24131K [0x00000000c0000000, 0x0000000100000000)
  region size 1024K, 0 young (0K), 0 survivors (0K)
 Metaspace       used 39527K, committed 40128K, reserved 1114112K
  class space    used 5226K, committed 5504K, reserved 1048576K
}
Event: 2252.838 GC heap before
{Heap before GC invocations=78 (full 67):
 garbage-first heap   total 71680K, used 24131K [0x00000000c0000000, 0x0000000100000000)
  region size 1024K, 1 young (1024K), 0 survivors (0K)
 Metaspace       used 39527K, committed 40128K, reserved 1114112K
  class space    used 5226K, committed 5504K, reserved 1048576K
}
Event: 2252.859 GC heap after
{Heap after GC invocations=79 (full 68):
 garbage-first heap   total 71680K, used 24131K [0x00000000c0000000, 0x0000000100000000)
  region size 1024K, 0 young (0K), 0 survivors (0K)
 Metaspace       used 39527K, committed 40128K, reserved 1114112K
  class space    used 5226K, committed 5504K, reserved 1048576K
}
Event: 2263.325 GC heap before
{Heap before GC invocations=79 (full 68):
 garbage-first heap   total 71680K, used 24131K [0x00000000c0000000, 0x0000000100000000)
  region size 1024K, 1 young (1024K), 0 survivors (0K)
 Metaspace       used 39527K, committed 40128K, reserved 1114112K
  class space    used 5226K, committed 5504K, reserved 1048576K
}
Event: 2263.345 GC heap after
{Heap after GC invocations=80 (full 69):
 garbage-first heap   total 71680K, used 24131K [0x00000000c0000000, 0x0000000100000000)
  region size 1024K, 0 young (0K), 0 survivors (0K)
 Metaspace       used 39527K, committed 40128K, reserved 1114112K
  class space    used 5226K, committed 5504K, reserved 1048576K
}
Event: 2273.838 GC heap before
{Heap before GC invocations=80 (full 69):
 garbage-first heap   total 71680K, used 24131K [0x00000000c0000000, 0x0000000100000000)
  region size 1024K, 1 young (1024K), 0 survivors (0K)
 Metaspace       used 39527K, committed 40128K, reserved 1114112K
  class space    used 5226K, committed 5504K, reserved 1048576K
}
Event: 2273.865 GC heap after
{Heap after GC invocations=81 (full 70):
 garbage-first heap   total 71680K, used 24131K [0x00000000c0000000, 0x0000000100000000)
  region size 1024K, 0 young (0K), 0 survivors (0K)
 Metaspace       used 39527K, committed 40128K, reserved 1114112K
  class space    used 5226K, committed 5504K, reserved 1048576K
}
Event: 2284.325 GC heap before
{Heap before GC invocations=81 (full 70):
 garbage-first heap   total 71680K, used 24131K [0x00000000c0000000, 0x0000000100000000)
  region size 1024K, 1 young (1024K), 0 survivors (0K)
 Metaspace       used 39527K, committed 40128K, reserved 1114112K
  class space    used 5226K, committed 5504K, reserved 1048576K
}
Event: 2284.352 GC heap after
{Heap after GC invocations=82 (full 71):
 garbage-first heap   total 71680K, used 24131K [0x00000000c0000000, 0x0000000100000000)
  region size 1024K, 0 young (0K), 0 survivors (0K)
 Metaspace       used 39527K, committed 40128K, reserved 1114112K
  class space    used 5226K, committed 5504K, reserved 1048576K
}
Event: 2294.797 GC heap before
{Heap before GC invocations=82 (full 71):
 garbage-first heap   total 71680K, used 24131K [0x00000000c0000000, 0x0000000100000000)
  region size 1024K, 1 young (1024K), 0 survivors (0K)
 Metaspace       used 39527K, committed 40128K, reserved 1114112K
  class space    used 5226K, committed 5504K, reserved 1048576K
}
Event: 2294.817 GC heap after
{Heap after GC invocations=83 (full 72):
 garbage-first heap   total 71680K, used 24131K [0x00000000c0000000, 0x0000000100000000)
  region size 1024K, 0 young (0K), 0 survivors (0K)
 Metaspace       used 39527K, committed 40128K, reserved 1114112K
  class space    used 5226K, committed 5504K, reserved 1048576K
}
Event: 2305.305 GC heap before
{Heap before GC invocations=83 (full 72):
 garbage-first heap   total 71680K, used 24131K [0x00000000c0000000, 0x0000000100000000)
  region size 1024K, 1 young (1024K), 0 survivors (0K)
 Metaspace       used 39527K, committed 40128K, reserved 1114112K
  class space    used 5226K, committed 5504K, reserved 1048576K
}
Event: 2305.329 GC heap after
{Heap after GC invocations=84 (full 73):
 garbage-first heap   total 71680K, used 24131K [0x00000000c0000000, 0x0000000100000000)
  region size 1024K, 0 young (0K), 0 survivors (0K)
 Metaspace       used 39527K, committed 40128K, reserved 1114112K
  class space    used 5226K, committed 5504K, reserved 1048576K
}
Event: 2318.300 GC heap before
{Heap before GC invocations=84 (full 73):
 garbage-first heap   total 71680K, used 24131K [0x00000000c0000000, 0x0000000100000000)
  region size 1024K, 1 young (1024K), 0 survivors (0K)
 Metaspace       used 39527K, committed 40128K, reserved 1114112K
  class space    used 5226K, committed 5504K, reserved 1048576K
}
Event: 2318.466 GC heap after
{Heap after GC invocations=85 (full 74):
 garbage-first heap   total 71680K, used 24131K [0x00000000c0000000, 0x0000000100000000)
  region size 1024K, 0 young (0K), 0 survivors (0K)
 Metaspace       used 39527K, committed 40128K, reserved 1114112K
  class space    used 5226K, committed 5504K, reserved 1048576K
}
Event: 2328.926 GC heap before
{Heap before GC invocations=85 (full 74):
 garbage-first heap   total 71680K, used 24131K [0x00000000c0000000, 0x0000000100000000)
  region size 1024K, 1 young (1024K), 0 survivors (0K)
 Metaspace       used 39527K, committed 40128K, reserved 1114112K
  class space    used 5226K, committed 5504K, reserved 1048576K
}
Event: 2328.948 GC heap after
{Heap after GC invocations=86 (full 75):
 garbage-first heap   total 71680K, used 24131K [0x00000000c0000000, 0x0000000100000000)
  region size 1024K, 0 young (0K), 0 survivors (0K)
 Metaspace       used 39527K, committed 40128K, reserved 1114112K
  class space    used 5226K, committed 5504K, reserved 1048576K
}
Event: 2341.654 GC heap before
{Heap before GC invocations=86 (full 75):
 garbage-first heap   total 71680K, used 24131K [0x00000000c0000000, 0x0000000100000000)
  region size 1024K, 1 young (1024K), 0 survivors (0K)
 Metaspace       used 39527K, committed 40128K, reserved 1114112K
  class space    used 5226K, committed 5504K, reserved 1048576K
}
Event: 2341.829 GC heap after
{Heap after GC invocations=87 (full 76):
 garbage-first heap   total 71680K, used 24131K [0x00000000c0000000, 0x0000000100000000)
  region size 1024K, 0 young (0K), 0 survivors (0K)
 Metaspace       used 39527K, committed 40128K, reserved 1114112K
  class space    used 5226K, committed 5504K, reserved 1048576K
}

